<?xml version="1.0" encoding="UTF-8"?>
<!-- Generated by org.testng.reporters.JUnitXMLReporter -->
<testsuite ignored="3" hostname="LAPTOP-BGTFKA09" failures="0" tests="1" name="Default test" time="2.583" errors="0" timestamp="2025-09-26T19:03:51 IST">
  <testcase classname="testScripts.LoginTest" name="verifyLoginWithInValidCredentials" time="0.319"/>
  <testcase classname="testScripts.LoginTest" name="verifyLoginWith_InvalidUsername_ValidPassword" time="0.0">
    <ignored/>
  </testcase> <!-- verifyLoginWith_InvalidUsername_ValidPassword -->
  <testcase classname="testScripts.LoginTest" name="verifyLoginWith_ValidCredentials" time="0.0">
    <ignored/>
  </testcase> <!-- verifyLoginWith_ValidCredentials -->
  <testcase classname="testScripts.LoginTest" name="verifyLoginWith_ValidUsername_InvalidPassword" time="0.0">
    <ignored/>
  </testcase> <!-- verifyLoginWith_ValidUsername_InvalidPassword -->
</testsuite> <!-- Default test -->
