<?xml version="1.0" encoding="UTF-8"?>
<!-- Generated by org.testng.reporters.JUnitXMLReporter -->
<testsuite ignored="3" hostname="LAPTOP-BGTFKA09" failures="0" tests="1" name="Default test" time="2.232" errors="0" timestamp="2025-09-25T20:50:16 IST">
  <testcase classname="testScripts.LoginTest" name="verifyWheatherUserIsAbleToLoginWithInValidCredentials" time="0.336"/>
  <testcase classname="testScripts.LoginTest" name="verifyWheatherUserIsAbleToLoginWithInValidUsernameAndValidPassword" time="0.0">
    <ignored/>
  </testcase> <!-- verifyWheatherUserIsAbleToLoginWithInValidUsernameAndValidPassword -->
  <testcase classname="testScripts.LoginTest" name="verifyWhetherUserIsAbleToLoginWithValidCredentials" time="0.0">
    <ignored/>
  </testcase> <!-- verifyWhetherUserIsAbleToLoginWithValidCredentials -->
  <testcase classname="testScripts.LoginTest" name="verifyWheatherUserIsAbleToLoginWithValidUsernameAndInvalidPassword" time="0.0">
    <ignored/>
  </testcase> <!-- verifyWheatherUserIsAbleToLoginWithValidUsernameAndInvalidPassword -->
</testsuite> <!-- Default test -->
